2021-04-02 09:25:15.623  INFO 54332 --- [Test worker] c.z.purchase.PurchaseApplicationTests    : Starting PurchaseApplicationTests using Java 1.8.0_192 on localhost with PID 54332 (started by tang in /Users/tang/IdeaProjects/purchase)
2021-04-02 09:25:15.634  INFO 54332 --- [Test worker] c.z.purchase.PurchaseApplicationTests    : No active profile set, falling back to default profiles: default
2021-04-02 09:25:15.941  WARN 54332 --- [background-preinit] o.s.h.c.j.Jackson2ObjectMapperBuilder    : For Jackson Kotlin classes support please add "com.fasterxml.jackson.module:jackson-module-kotlin" to the classpath
2021-04-02 09:25:16.642  INFO 54332 --- [Test worker] .s.d.r.c.RepositoryConfigurationDelegate : Multiple Spring Data modules found, entering strict repository configuration mode!
2021-04-02 09:25:16.646  INFO 54332 --- [Test worker] .s.d.r.c.RepositoryConfigurationDelegate : Bootstrapping Spring Data JPA repositories in DEFAULT mode.
2021-04-02 09:25:16.917  INFO 54332 --- [Test worker] .s.d.r.c.RepositoryConfigurationDelegate : Finished Spring Data repository scanning in 258 ms. Found 7 JPA repository interfaces.
2021-04-02 09:25:16.943  INFO 54332 --- [Test worker] .s.d.r.c.RepositoryConfigurationDelegate : Multiple Spring Data modules found, entering strict repository configuration mode!
2021-04-02 09:25:16.945  INFO 54332 --- [Test worker] .s.d.r.c.RepositoryConfigurationDelegate : Bootstrapping Spring Data Redis repositories in DEFAULT mode.
2021-04-02 09:25:16.968  INFO 54332 --- [Test worker] .RepositoryConfigurationExtensionSupport : Spring Data Redis - Could not safely identify store assignment for repository candidate interface com.zykj.purchase.repository.BocUserInfoRepository. If you want this repository to be a Redis repository, consider annotating your entities with one of these annotations: org.springframework.data.redis.core.RedisHash (preferred), or consider extending one of the following types with your repository: org.springframework.data.keyvalue.repository.KeyValueRepository.
2021-04-02 09:25:16.969  INFO 54332 --- [Test worker] .RepositoryConfigurationExtensionSupport : Spring Data Redis - Could not safely identify store assignment for repository candidate interface com.zykj.purchase.repository.DrawCodeRepository. If you want this repository to be a Redis repository, consider annotating your entities with one of these annotations: org.springframework.data.redis.core.RedisHash (preferred), or consider extending one of the following types with your repository: org.springframework.data.keyvalue.repository.KeyValueRepository.
2021-04-02 09:25:16.970  INFO 54332 --- [Test worker] .RepositoryConfigurationExtensionSupport : Spring Data Redis - Could not safely identify store assignment for repository candidate interface com.zykj.purchase.repository.PayOrderRepository. If you want this repository to be a Redis repository, consider annotating your entities with one of these annotations: org.springframework.data.redis.core.RedisHash (preferred), or consider extending one of the following types with your repository: org.springframework.data.keyvalue.repository.KeyValueRepository.
2021-04-02 09:25:16.971  INFO 54332 --- [Test worker] .RepositoryConfigurationExtensionSupport : Spring Data Redis - Could not safely identify store assignment for repository candidate interface com.zykj.purchase.repository.PrizeInfoRepository. If you want this repository to be a Redis repository, consider annotating your entities with one of these annotations: org.springframework.data.redis.core.RedisHash (preferred), or consider extending one of the following types with your repository: org.springframework.data.keyvalue.repository.KeyValueRepository.
2021-04-02 09:25:16.972  INFO 54332 --- [Test worker] .RepositoryConfigurationExtensionSupport : Spring Data Redis - Could not safely identify store assignment for repository candidate interface com.zykj.purchase.repository.RePayRepository. If you want this repository to be a Redis repository, consider annotating your entities with one of these annotations: org.springframework.data.redis.core.RedisHash (preferred), or consider extending one of the following types with your repository: org.springframework.data.keyvalue.repository.KeyValueRepository.
2021-04-02 09:25:16.973  INFO 54332 --- [Test worker] .RepositoryConfigurationExtensionSupport : Spring Data Redis - Could not safely identify store assignment for repository candidate interface com.zykj.purchase.repository.UserDrawCodeRepository. If you want this repository to be a Redis repository, consider annotating your entities with one of these annotations: org.springframework.data.redis.core.RedisHash (preferred), or consider extending one of the following types with your repository: org.springframework.data.keyvalue.repository.KeyValueRepository.
2021-04-02 09:25:16.975  INFO 54332 --- [Test worker] .RepositoryConfigurationExtensionSupport : Spring Data Redis - Could not safely identify store assignment for repository candidate interface com.zykj.purchase.repository.UserWinningInfoRepository. If you want this repository to be a Redis repository, consider annotating your entities with one of these annotations: org.springframework.data.redis.core.RedisHash (preferred), or consider extending one of the following types with your repository: org.springframework.data.keyvalue.repository.KeyValueRepository.
2021-04-02 09:25:16.975  INFO 54332 --- [Test worker] .s.d.r.c.RepositoryConfigurationDelegate : Finished Spring Data repository scanning in 17 ms. Found 0 Redis repository interfaces.
2021-04-02 09:25:17.870  INFO 54332 --- [Test worker] o.hibernate.jpa.internal.util.LogHelper  : HHH000204: Processing PersistenceUnitInfo [name: default]
2021-04-02 09:25:17.952  INFO 54332 --- [Test worker] org.hibernate.Version                    : HHH000412: Hibernate ORM core version 5.4.25.Final
2021-04-02 09:25:18.172  INFO 54332 --- [Test worker] o.hibernate.annotations.common.Version   : HCANN000001: Hibernate Commons Annotations {5.1.2.Final}
2021-04-02 09:25:18.331  INFO 54332 --- [Test worker] com.zaxxer.hikari.HikariDataSource       : mysql - Starting...
2021-04-02 09:25:20.865  INFO 54332 --- [Test worker] com.zaxxer.hikari.HikariDataSource       : mysql - Start completed.
2021-04-02 09:25:20.895  INFO 54332 --- [Test worker] org.hibernate.dialect.Dialect            : HHH000400: Using dialect: com.zykj.purchase.MySQL5InnoDBDialectUtf8mb4
2021-04-02 09:25:25.763  INFO 54332 --- [Test worker] o.h.e.t.j.p.i.JtaPlatformInitiator       : HHH000490: Using JtaPlatform implementation: [org.hibernate.engine.transaction.jta.platform.internal.NoJtaPlatform]
2021-04-02 09:25:25.778  INFO 54332 --- [Test worker] j.LocalContainerEntityManagerFactoryBean : Initialized JPA EntityManagerFactory for persistence unit 'default'
2021-04-02 09:25:27.238  INFO 54332 --- [Test worker] com.zykj.purchase.common.ExecutorConfig  : start asyncServiceExecutor
2021-04-02 09:25:27.240  INFO 54332 --- [Test worker] o.s.s.concurrent.ThreadPoolTaskExecutor  : Initializing ExecutorService
2021-04-02 09:25:27.250  INFO 54332 --- [Test worker] o.s.s.concurrent.ThreadPoolTaskExecutor  : Initializing ExecutorService 'asyncServiceExecutor'
2021-04-02 09:25:27.904  INFO 54332 --- [Test worker] o.s.b.a.w.s.WelcomePageHandlerMapping    : Adding welcome page: class path resource [static/index.html]
2021-04-02 09:25:28.292  INFO 54332 --- [Test worker] o.s.s.c.ThreadPoolTaskScheduler          : Initializing ExecutorService 'taskScheduler'
2021-04-02 09:25:28.349  INFO 54332 --- [Test worker] c.z.purchase.PurchaseApplicationTests    : Started PurchaseApplicationTests in 13.2 seconds (JVM running for 15.553)
2021-04-02 09:30:00.010  INFO 54332 --- [scheduling-1] c.z.p.controller.LuckDrawController      : 定时器: 2021-04-02 09:30:00 
2021-04-02 09:35:00.007  INFO 54332 --- [scheduling-1] c.z.p.controller.LuckDrawController      : 定时器: 2021-04-02 09:35:00 
2021-04-02 09:40:16.183  INFO 54332 --- [scheduling-1] c.z.p.controller.LuckDrawController      : 定时器: 2021-04-02 09:40:01 
2021-04-02 09:43:40.895  INFO 54332 --- [SpringContextShutdownHook] o.s.s.c.ThreadPoolTaskScheduler          : Shutting down ExecutorService 'taskScheduler'
2021-04-02 09:43:40.901  INFO 54332 --- [SpringContextShutdownHook] o.s.s.concurrent.ThreadPoolTaskExecutor  : Shutting down ExecutorService 'asyncServiceExecutor'
2021-04-02 09:43:40.952  INFO 54332 --- [SpringContextShutdownHook] j.LocalContainerEntityManagerFactoryBean : Closing JPA EntityManagerFactory for persistence unit 'default'
2021-04-02 09:43:40.956  INFO 54332 --- [SpringContextShutdownHook] com.zaxxer.hikari.HikariDataSource       : mysql - Shutdown initiated...
2021-04-02 09:43:40.980  INFO 54332 --- [SpringContextShutdownHook] com.zaxxer.hikari.HikariDataSource       : mysql - Shutdown completed.
2021-04-02 09:44:27.743  INFO 55540 --- [Test worker] c.z.purchase.PurchaseApplicationTests    : Starting PurchaseApplicationTests using Java 1.8.0_192 on localhost with PID 55540 (started by tang in /Users/tang/IdeaProjects/purchase)
2021-04-02 09:44:27.747  INFO 55540 --- [Test worker] c.z.purchase.PurchaseApplicationTests    : No active profile set, falling back to default profiles: default
2021-04-02 09:44:27.937  WARN 55540 --- [background-preinit] o.s.h.c.j.Jackson2ObjectMapperBuilder    : For Jackson Kotlin classes support please add "com.fasterxml.jackson.module:jackson-module-kotlin" to the classpath
2021-04-02 09:44:28.565  INFO 55540 --- [Test worker] .s.d.r.c.RepositoryConfigurationDelegate : Multiple Spring Data modules found, entering strict repository configuration mode!
2021-04-02 09:44:28.568  INFO 55540 --- [Test worker] .s.d.r.c.RepositoryConfigurationDelegate : Bootstrapping Spring Data JPA repositories in DEFAULT mode.
2021-04-02 09:44:28.842  INFO 55540 --- [Test worker] .s.d.r.c.RepositoryConfigurationDelegate : Finished Spring Data repository scanning in 264 ms. Found 7 JPA repository interfaces.
2021-04-02 09:44:28.865  INFO 55540 --- [Test worker] .s.d.r.c.RepositoryConfigurationDelegate : Multiple Spring Data modules found, entering strict repository configuration mode!
2021-04-02 09:44:28.867  INFO 55540 --- [Test worker] .s.d.r.c.RepositoryConfigurationDelegate : Bootstrapping Spring Data Redis repositories in DEFAULT mode.
2021-04-02 09:44:28.888  INFO 55540 --- [Test worker] .RepositoryConfigurationExtensionSupport : Spring Data Redis - Could not safely identify store assignment for repository candidate interface com.zykj.purchase.repository.BocUserInfoRepository. If you want this repository to be a Redis repository, consider annotating your entities with one of these annotations: org.springframework.data.redis.core.RedisHash (preferred), or consider extending one of the following types with your repository: org.springframework.data.keyvalue.repository.KeyValueRepository.
2021-04-02 09:44:28.889  INFO 55540 --- [Test worker] .RepositoryConfigurationExtensionSupport : Spring Data Redis - Could not safely identify store assignment for repository candidate interface com.zykj.purchase.repository.DrawCodeRepository. If you want this repository to be a Redis repository, consider annotating your entities with one of these annotations: org.springframework.data.redis.core.RedisHash (preferred), or consider extending one of the following types with your repository: org.springframework.data.keyvalue.repository.KeyValueRepository.
2021-04-02 09:44:28.890  INFO 55540 --- [Test worker] .RepositoryConfigurationExtensionSupport : Spring Data Redis - Could not safely identify store assignment for repository candidate interface com.zykj.purchase.repository.PayOrderRepository. If you want this repository to be a Redis repository, consider annotating your entities with one of these annotations: org.springframework.data.redis.core.RedisHash (preferred), or consider extending one of the following types with your repository: org.springframework.data.keyvalue.repository.KeyValueRepository.
2021-04-02 09:44:28.892  INFO 55540 --- [Test worker] .RepositoryConfigurationExtensionSupport : Spring Data Redis - Could not safely identify store assignment for repository candidate interface com.zykj.purchase.repository.PrizeInfoRepository. If you want this repository to be a Redis repository, consider annotating your entities with one of these annotations: org.springframework.data.redis.core.RedisHash (preferred), or consider extending one of the following types with your repository: org.springframework.data.keyvalue.repository.KeyValueRepository.
2021-04-02 09:44:28.894  INFO 55540 --- [Test worker] .RepositoryConfigurationExtensionSupport : Spring Data Redis - Could not safely identify store assignment for repository candidate interface com.zykj.purchase.repository.RePayRepository. If you want this repository to be a Redis repository, consider annotating your entities with one of these annotations: org.springframework.data.redis.core.RedisHash (preferred), or consider extending one of the following types with your repository: org.springframework.data.keyvalue.repository.KeyValueRepository.
2021-04-02 09:44:28.895  INFO 55540 --- [Test worker] .RepositoryConfigurationExtensionSupport : Spring Data Redis - Could not safely identify store assignment for repository candidate interface com.zykj.purchase.repository.UserDrawCodeRepository. If you want this repository to be a Redis repository, consider annotating your entities with one of these annotations: org.springframework.data.redis.core.RedisHash (preferred), or consider extending one of the following types with your repository: org.springframework.data.keyvalue.repository.KeyValueRepository.
2021-04-02 09:44:28.896  INFO 55540 --- [Test worker] .RepositoryConfigurationExtensionSupport : Spring Data Redis - Could not safely identify store assignment for repository candidate interface com.zykj.purchase.repository.UserWinningInfoRepository. If you want this repository to be a Redis repository, consider annotating your entities with one of these annotations: org.springframework.data.redis.core.RedisHash (preferred), or consider extending one of the following types with your repository: org.springframework.data.keyvalue.repository.KeyValueRepository.
2021-04-02 09:44:28.896  INFO 55540 --- [Test worker] .s.d.r.c.RepositoryConfigurationDelegate : Finished Spring Data repository scanning in 19 ms. Found 0 Redis repository interfaces.
2021-04-02 09:44:29.711  INFO 55540 --- [Test worker] o.hibernate.jpa.internal.util.LogHelper  : HHH000204: Processing PersistenceUnitInfo [name: default]
2021-04-02 09:44:29.765  INFO 55540 --- [Test worker] org.hibernate.Version                    : HHH000412: Hibernate ORM core version 5.4.25.Final
2021-04-02 09:44:29.916  INFO 55540 --- [Test worker] o.hibernate.annotations.common.Version   : HCANN000001: Hibernate Commons Annotations {5.1.2.Final}
2021-04-02 09:44:30.029  INFO 55540 --- [Test worker] com.zaxxer.hikari.HikariDataSource       : mysql - Starting...
2021-04-02 09:44:31.905  INFO 55540 --- [Test worker] com.zaxxer.hikari.HikariDataSource       : mysql - Start completed.
2021-04-02 09:44:31.925  INFO 55540 --- [Test worker] org.hibernate.dialect.Dialect            : HHH000400: Using dialect: com.zykj.purchase.MySQL5InnoDBDialectUtf8mb4
2021-04-02 09:44:34.519  INFO 55540 --- [Test worker] o.h.e.t.j.p.i.JtaPlatformInitiator       : HHH000490: Using JtaPlatform implementation: [org.hibernate.engine.transaction.jta.platform.internal.NoJtaPlatform]
2021-04-02 09:44:34.529  INFO 55540 --- [Test worker] j.LocalContainerEntityManagerFactoryBean : Initialized JPA EntityManagerFactory for persistence unit 'default'
2021-04-02 09:44:35.756  INFO 55540 --- [Test worker] com.zykj.purchase.common.ExecutorConfig  : start asyncServiceExecutor
2021-04-02 09:44:35.758  INFO 55540 --- [Test worker] o.s.s.concurrent.ThreadPoolTaskExecutor  : Initializing ExecutorService
2021-04-02 09:44:35.769  INFO 55540 --- [Test worker] o.s.s.concurrent.ThreadPoolTaskExecutor  : Initializing ExecutorService 'asyncServiceExecutor'
2021-04-02 09:44:36.349  INFO 55540 --- [Test worker] o.s.b.a.w.s.WelcomePageHandlerMapping    : Adding welcome page: class path resource [static/index.html]
2021-04-02 09:44:36.723  INFO 55540 --- [Test worker] o.s.s.c.ThreadPoolTaskScheduler          : Initializing ExecutorService 'taskScheduler'
2021-04-02 09:44:36.786  INFO 55540 --- [Test worker] c.z.purchase.PurchaseApplicationTests    : Started PurchaseApplicationTests in 9.405 seconds (JVM running for 10.83)
2021-04-02 09:45:00.010  INFO 55540 --- [scheduling-1] c.z.p.controller.LuckDrawController      : 定时器: 2021-04-02 09:45:00 
2021-04-02 09:45:05.022  INFO 55540 --- [SpringContextShutdownHook] o.s.s.c.ThreadPoolTaskScheduler          : Shutting down ExecutorService 'taskScheduler'
2021-04-02 09:45:05.023  INFO 55540 --- [SpringContextShutdownHook] o.s.s.concurrent.ThreadPoolTaskExecutor  : Shutting down ExecutorService 'asyncServiceExecutor'
2021-04-02 09:45:05.070  INFO 55540 --- [SpringContextShutdownHook] j.LocalContainerEntityManagerFactoryBean : Closing JPA EntityManagerFactory for persistence unit 'default'
2021-04-02 09:45:05.073  INFO 55540 --- [SpringContextShutdownHook] com.zaxxer.hikari.HikariDataSource       : mysql - Shutdown initiated...
2021-04-02 09:45:05.088  INFO 55540 --- [SpringContextShutdownHook] com.zaxxer.hikari.HikariDataSource       : mysql - Shutdown completed.
2021-04-02 09:45:18.973  INFO 55583 --- [Test worker] c.z.purchase.PurchaseApplicationTests    : Starting PurchaseApplicationTests using Java 1.8.0_192 on localhost with PID 55583 (started by tang in /Users/tang/IdeaProjects/purchase)
2021-04-02 09:45:18.981  INFO 55583 --- [Test worker] c.z.purchase.PurchaseApplicationTests    : No active profile set, falling back to default profiles: default
2021-04-02 09:45:19.162  WARN 55583 --- [background-preinit] o.s.h.c.j.Jackson2ObjectMapperBuilder    : For Jackson Kotlin classes support please add "com.fasterxml.jackson.module:jackson-module-kotlin" to the classpath
2021-04-02 09:45:19.741  INFO 55583 --- [Test worker] .s.d.r.c.RepositoryConfigurationDelegate : Multiple Spring Data modules found, entering strict repository configuration mode!
2021-04-02 09:45:19.743  INFO 55583 --- [Test worker] .s.d.r.c.RepositoryConfigurationDelegate : Bootstrapping Spring Data JPA repositories in DEFAULT mode.
2021-04-02 09:45:19.977  INFO 55583 --- [Test worker] .s.d.r.c.RepositoryConfigurationDelegate : Finished Spring Data repository scanning in 226 ms. Found 7 JPA repository interfaces.
2021-04-02 09:45:19.998  INFO 55583 --- [Test worker] .s.d.r.c.RepositoryConfigurationDelegate : Multiple Spring Data modules found, entering strict repository configuration mode!
2021-04-02 09:45:20.000  INFO 55583 --- [Test worker] .s.d.r.c.RepositoryConfigurationDelegate : Bootstrapping Spring Data Redis repositories in DEFAULT mode.
2021-04-02 09:45:20.018  INFO 55583 --- [Test worker] .RepositoryConfigurationExtensionSupport : Spring Data Redis - Could not safely identify store assignment for repository candidate interface com.zykj.purchase.repository.BocUserInfoRepository. If you want this repository to be a Redis repository, consider annotating your entities with one of these annotations: org.springframework.data.redis.core.RedisHash (preferred), or consider extending one of the following types with your repository: org.springframework.data.keyvalue.repository.KeyValueRepository.
2021-04-02 09:45:20.022  INFO 55583 --- [Test worker] .RepositoryConfigurationExtensionSupport : Spring Data Redis - Could not safely identify store assignment for repository candidate interface com.zykj.purchase.repository.DrawCodeRepository. If you want this repository to be a Redis repository, consider annotating your entities with one of these annotations: org.springframework.data.redis.core.RedisHash (preferred), or consider extending one of the following types with your repository: org.springframework.data.keyvalue.repository.KeyValueRepository.
2021-04-02 09:45:20.023  INFO 55583 --- [Test worker] .RepositoryConfigurationExtensionSupport : Spring Data Redis - Could not safely identify store assignment for repository candidate interface com.zykj.purchase.repository.PayOrderRepository. If you want this repository to be a Redis repository, consider annotating your entities with one of these annotations: org.springframework.data.redis.core.RedisHash (preferred), or consider extending one of the following types with your repository: org.springframework.data.keyvalue.repository.KeyValueRepository.
2021-04-02 09:45:20.026  INFO 55583 --- [Test worker] .RepositoryConfigurationExtensionSupport : Spring Data Redis - Could not safely identify store assignment for repository candidate interface com.zykj.purchase.repository.PrizeInfoRepository. If you want this repository to be a Redis repository, consider annotating your entities with one of these annotations: org.springframework.data.redis.core.RedisHash (preferred), or consider extending one of the following types with your repository: org.springframework.data.keyvalue.repository.KeyValueRepository.
2021-04-02 09:45:20.033  INFO 55583 --- [Test worker] .RepositoryConfigurationExtensionSupport : Spring Data Redis - Could not safely identify store assignment for repository candidate interface com.zykj.purchase.repository.RePayRepository. If you want this repository to be a Redis repository, consider annotating your entities with one of these annotations: org.springframework.data.redis.core.RedisHash (preferred), or consider extending one of the following types with your repository: org.springframework.data.keyvalue.repository.KeyValueRepository.
2021-04-02 09:45:20.035  INFO 55583 --- [Test worker] .RepositoryConfigurationExtensionSupport : Spring Data Redis - Could not safely identify store assignment for repository candidate interface com.zykj.purchase.repository.UserDrawCodeRepository. If you want this repository to be a Redis repository, consider annotating your entities with one of these annotations: org.springframework.data.redis.core.RedisHash (preferred), or consider extending one of the following types with your repository: org.springframework.data.keyvalue.repository.KeyValueRepository.
2021-04-02 09:45:20.036  INFO 55583 --- [Test worker] .RepositoryConfigurationExtensionSupport : Spring Data Redis - Could not safely identify store assignment for repository candidate interface com.zykj.purchase.repository.UserWinningInfoRepository. If you want this repository to be a Redis repository, consider annotating your entities with one of these annotations: org.springframework.data.redis.core.RedisHash (preferred), or consider extending one of the following types with your repository: org.springframework.data.keyvalue.repository.KeyValueRepository.
2021-04-02 09:45:20.036  INFO 55583 --- [Test worker] .s.d.r.c.RepositoryConfigurationDelegate : Finished Spring Data repository scanning in 27 ms. Found 0 Redis repository interfaces.
2021-04-02 09:45:20.852  INFO 55583 --- [Test worker] o.hibernate.jpa.internal.util.LogHelper  : HHH000204: Processing PersistenceUnitInfo [name: default]
2021-04-02 09:45:20.908  INFO 55583 --- [Test worker] org.hibernate.Version                    : HHH000412: Hibernate ORM core version 5.4.25.Final
2021-04-02 09:45:21.054  INFO 55583 --- [Test worker] o.hibernate.annotations.common.Version   : HCANN000001: Hibernate Commons Annotations {5.1.2.Final}
2021-04-02 09:45:21.170  INFO 55583 --- [Test worker] com.zaxxer.hikari.HikariDataSource       : mysql - Starting...
2021-04-02 09:45:22.767  INFO 55583 --- [Test worker] com.zaxxer.hikari.HikariDataSource       : mysql - Start completed.
2021-04-02 09:45:22.797  INFO 55583 --- [Test worker] org.hibernate.dialect.Dialect            : HHH000400: Using dialect: com.zykj.purchase.MySQL5InnoDBDialectUtf8mb4
2021-04-02 09:45:25.430  INFO 55583 --- [Test worker] o.h.e.t.j.p.i.JtaPlatformInitiator       : HHH000490: Using JtaPlatform implementation: [org.hibernate.engine.transaction.jta.platform.internal.NoJtaPlatform]
2021-04-02 09:45:25.439  INFO 55583 --- [Test worker] j.LocalContainerEntityManagerFactoryBean : Initialized JPA EntityManagerFactory for persistence unit 'default'
2021-04-02 09:45:27.528  INFO 55583 --- [Test worker] com.zykj.purchase.common.ExecutorConfig  : start asyncServiceExecutor
2021-04-02 09:45:27.540  INFO 55583 --- [Test worker] o.s.s.concurrent.ThreadPoolTaskExecutor  : Initializing ExecutorService
2021-04-02 09:45:27.574  INFO 55583 --- [Test worker] o.s.s.concurrent.ThreadPoolTaskExecutor  : Initializing ExecutorService 'asyncServiceExecutor'
2021-04-02 09:45:28.355  INFO 55583 --- [Test worker] o.s.b.a.w.s.WelcomePageHandlerMapping    : Adding welcome page: class path resource [static/index.html]
2021-04-02 09:45:28.993  INFO 55583 --- [Test worker] o.s.s.c.ThreadPoolTaskScheduler          : Initializing ExecutorService 'taskScheduler'
2021-04-02 09:45:29.052  INFO 55583 --- [Test worker] c.z.purchase.PurchaseApplicationTests    : Started PurchaseApplicationTests in 10.45 seconds (JVM running for 11.636)
2021-04-02 09:46:52.659  WARN 55583 --- [mysql housekeeper] com.zaxxer.hikari.pool.HikariPool        : mysql - Retrograde clock change detected (housekeeper delta=29s779ms), soft-evicting connections from pool.
2021-04-02 09:49:59.772  INFO 55583 --- [scheduling-1] c.z.p.controller.LuckDrawController      : 定时器: 2021-04-02 09:49:59 
2021-04-02 09:54:59.997  INFO 55583 --- [scheduling-1] c.z.p.controller.LuckDrawController      : 定时器: 2021-04-02 09:54:59 
2021-04-02 09:57:12.506  INFO 55583 --- [SpringContextShutdownHook] o.s.s.c.ThreadPoolTaskScheduler          : Shutting down ExecutorService 'taskScheduler'
2021-04-02 09:57:12.510  INFO 55583 --- [SpringContextShutdownHook] o.s.s.concurrent.ThreadPoolTaskExecutor  : Shutting down ExecutorService 'asyncServiceExecutor'
2021-04-02 09:57:12.568  INFO 55583 --- [SpringContextShutdownHook] j.LocalContainerEntityManagerFactoryBean : Closing JPA EntityManagerFactory for persistence unit 'default'
2021-04-02 09:57:12.572  INFO 55583 --- [SpringContextShutdownHook] com.zaxxer.hikari.HikariDataSource       : mysql - Shutdown initiated...
2021-04-02 09:57:12.582  INFO 55583 --- [SpringContextShutdownHook] com.zaxxer.hikari.HikariDataSource       : mysql - Shutdown completed.
